<?xml version="1.0" encoding="UTF-8"?>
<robot generator="Robot 6.0.2 (Python 3.9.13 on win32)" generated="20230526 19:50:57.278" rpa="false" schemaversion="3">
<suite id="s1" name="TC login" source="C:\Users\olna0715\Documents\My Folder\Univer\TA\spring-boot-blog-master_4-main\spring-boot-blog-master_3-main\src\test\robotframework\acceptance\TC_login.robot">
<test id="s1-t1" name="Verify Successful Login" line="10">
<kw name="Run Keywords" library="BuiltIn" type="SETUP">
<arg>Open Browser</arg>
<arg>https://practicetestautomation.com/practice-test-login/</arg>
<arg>${BROWSER}</arg>
<arg>AND</arg>
<arg>Set Selenium Speed</arg>
<arg>${SELSPEED}</arg>
<doc>Executes all the given keywords in a sequence.</doc>
<kw name="Open Browser" library="Selenium2Library">
<arg>https://practicetestautomation.com/practice-test-login/</arg>
<arg>${BROWSER}</arg>
<doc>Opens a new browser instance to the optional ``url``.</doc>
<msg timestamp="20230526 19:50:57.897" level="INFO">Opening browser 'chrome' to base url 'https://practicetestautomation.com/practice-test-login/'.</msg>
<msg timestamp="20230526 19:50:57.915" level="INFO">Applicable driver not found; attempting to install with Selenium Manager (Beta)</msg>
<status status="PASS" starttime="20230526 19:50:57.896" endtime="20230526 19:51:06.691"/>
</kw>
<kw name="Set Selenium Speed" library="Selenium2Library">
<arg>${SELSPEED}</arg>
<doc>Sets the delay that is waited after each Selenium command.</doc>
<status status="PASS" starttime="20230526 19:51:06.691" endtime="20230526 19:51:06.692"/>
</kw>
<status status="PASS" starttime="20230526 19:50:57.896" endtime="20230526 19:51:06.692"/>
</kw>
<kw name="click">
<arg>id=username</arg>
<kw name="Click Element" library="Selenium2Library">
<arg>${element}</arg>
<doc>Click the element identified by ``locator``.</doc>
<msg timestamp="20230526 19:51:06.697" level="INFO">Clicking element 'id=username'.</msg>
<status status="PASS" starttime="20230526 19:51:06.694" endtime="20230526 19:51:06.864"/>
</kw>
<status status="PASS" starttime="20230526 19:51:06.692" endtime="20230526 19:51:06.864"/>
</kw>
<kw name="type">
<arg>id=username</arg>
<arg>student</arg>
<kw name="Input Text" library="Selenium2Library">
<arg>${element}</arg>
<arg>${value}</arg>
<doc>Types the given ``text`` into the text field identified by ``locator``.</doc>
<msg timestamp="20230526 19:51:06.867" level="INFO">Typing text 'student' into text field 'id=username'.</msg>
<status status="PASS" starttime="20230526 19:51:06.865" endtime="20230526 19:51:07.083"/>
</kw>
<status status="PASS" starttime="20230526 19:51:06.865" endtime="20230526 19:51:07.084"/>
</kw>
<kw name="click">
<arg>id=password</arg>
<kw name="Click Element" library="Selenium2Library">
<arg>${element}</arg>
<doc>Click the element identified by ``locator``.</doc>
<msg timestamp="20230526 19:51:07.088" level="INFO">Clicking element 'id=password'.</msg>
<status status="PASS" starttime="20230526 19:51:07.086" endtime="20230526 19:51:07.210"/>
</kw>
<status status="PASS" starttime="20230526 19:51:07.084" endtime="20230526 19:51:07.211"/>
</kw>
<kw name="type">
<arg>id=password</arg>
<arg>Password123</arg>
<kw name="Input Text" library="Selenium2Library">
<arg>${element}</arg>
<arg>${value}</arg>
<doc>Types the given ``text`` into the text field identified by ``locator``.</doc>
<msg timestamp="20230526 19:51:07.212" level="INFO">Typing text 'Password123' into text field 'id=password'.</msg>
<status status="PASS" starttime="20230526 19:51:07.211" endtime="20230526 19:51:07.437"/>
</kw>
<status status="PASS" starttime="20230526 19:51:07.211" endtime="20230526 19:51:07.438"/>
</kw>
<kw name="click">
<arg>id=submit</arg>
<kw name="Click Element" library="Selenium2Library">
<arg>${element}</arg>
<doc>Click the element identified by ``locator``.</doc>
<msg timestamp="20230526 19:51:07.440" level="INFO">Clicking element 'id=submit'.</msg>
<status status="PASS" starttime="20230526 19:51:07.439" endtime="20230526 19:51:09.398"/>
</kw>
<status status="PASS" starttime="20230526 19:51:07.438" endtime="20230526 19:51:09.398"/>
</kw>
<kw name="open">
<arg>https://practicetestautomation.com/logged-in-successfully/</arg>
<kw name="Go To" library="Selenium2Library">
<arg>${element}</arg>
<doc>Navigates the current browser window to the provided ``url``.</doc>
<msg timestamp="20230526 19:51:09.401" level="INFO">Opening url 'https://practicetestautomation.com/logged-in-successfully/'</msg>
<status status="PASS" starttime="20230526 19:51:09.400" endtime="20230526 19:51:09.925"/>
</kw>
<status status="PASS" starttime="20230526 19:51:09.399" endtime="20230526 19:51:09.926"/>
</kw>
<kw name="click">
<arg>link=Log out</arg>
<kw name="Click Element" library="Selenium2Library">
<arg>${element}</arg>
<doc>Click the element identified by ``locator``.</doc>
<msg timestamp="20230526 19:51:09.928" level="INFO">Clicking element 'link=Log out'.</msg>
<status status="PASS" starttime="20230526 19:51:09.927" endtime="20230526 19:51:10.574"/>
</kw>
<status status="PASS" starttime="20230526 19:51:09.926" endtime="20230526 19:51:10.574"/>
</kw>
<kw name="open">
<arg>https://practicetestautomation.com/practice-test-login/</arg>
<kw name="Go To" library="Selenium2Library">
<arg>${element}</arg>
<doc>Navigates the current browser window to the provided ``url``.</doc>
<msg timestamp="20230526 19:51:10.577" level="INFO">Opening url 'https://practicetestautomation.com/practice-test-login/'</msg>
<status status="PASS" starttime="20230526 19:51:10.576" endtime="20230526 19:51:11.062"/>
</kw>
<status status="PASS" starttime="20230526 19:51:10.575" endtime="20230526 19:51:11.062"/>
</kw>
<kw name="Close Browser" library="Selenium2Library" type="TEARDOWN">
<doc>Closes the current browser.</doc>
<status status="PASS" starttime="20230526 19:51:11.063" endtime="20230526 19:51:15.130"/>
</kw>
<status status="PASS" starttime="20230526 19:50:57.895" endtime="20230526 19:51:15.130"/>
</test>
<test id="s1-t2" name="List value adding" line="24">
<kw name="Run Keywords" library="BuiltIn" type="SETUP">
<arg>Open Browser</arg>
<arg>https://practicetestautomation.com/practice-test-login/</arg>
<arg>${BROWSER}</arg>
<arg>AND</arg>
<arg>Set Selenium Speed</arg>
<arg>${SELSPEED}</arg>
<doc>Executes all the given keywords in a sequence.</doc>
<kw name="Open Browser" library="Selenium2Library">
<arg>https://practicetestautomation.com/practice-test-login/</arg>
<arg>${BROWSER}</arg>
<doc>Opens a new browser instance to the optional ``url``.</doc>
<msg timestamp="20230526 19:51:15.135" level="INFO">Opening browser 'chrome' to base url 'https://practicetestautomation.com/practice-test-login/'.</msg>
<msg timestamp="20230526 19:51:15.177" level="INFO">Applicable driver not found; attempting to install with Selenium Manager (Beta)</msg>
<status status="PASS" starttime="20230526 19:51:15.134" endtime="20230526 19:51:26.085"/>
</kw>
<kw name="Set Selenium Speed" library="Selenium2Library">
<arg>${SELSPEED}</arg>
<doc>Sets the delay that is waited after each Selenium command.</doc>
<status status="PASS" starttime="20230526 19:51:26.086" endtime="20230526 19:51:26.087"/>
</kw>
<status status="PASS" starttime="20230526 19:51:15.133" endtime="20230526 19:51:26.087"/>
</kw>
<kw name="click">
<arg>id=username</arg>
<kw name="Click Element" library="Selenium2Library">
<arg>${element}</arg>
<doc>Click the element identified by ``locator``.</doc>
<msg timestamp="20230526 19:51:26.090" level="INFO">Clicking element 'id=username'.</msg>
<status status="PASS" starttime="20230526 19:51:26.089" endtime="20230526 19:51:26.289"/>
</kw>
<status status="PASS" starttime="20230526 19:51:26.088" endtime="20230526 19:51:26.289"/>
</kw>
<kw name="type">
<arg>id=username</arg>
<arg>student</arg>
<kw name="Input Text" library="Selenium2Library">
<arg>${element}</arg>
<arg>${value}</arg>
<doc>Types the given ``text`` into the text field identified by ``locator``.</doc>
<msg timestamp="20230526 19:51:26.291" level="INFO">Typing text 'student' into text field 'id=username'.</msg>
<status status="PASS" starttime="20230526 19:51:26.290" endtime="20230526 19:51:26.669"/>
</kw>
<status status="PASS" starttime="20230526 19:51:26.289" endtime="20230526 19:51:26.669"/>
</kw>
<kw name="click">
<arg>id=password</arg>
<kw name="Click Element" library="Selenium2Library">
<arg>${element}</arg>
<doc>Click the element identified by ``locator``.</doc>
<msg timestamp="20230526 19:51:26.671" level="INFO">Clicking element 'id=password'.</msg>
<status status="PASS" starttime="20230526 19:51:26.670" endtime="20230526 19:51:26.773"/>
</kw>
<status status="PASS" starttime="20230526 19:51:26.669" endtime="20230526 19:51:26.773"/>
</kw>
<kw name="type">
<arg>id=password</arg>
<arg>Password123</arg>
<kw name="Input Text" library="Selenium2Library">
<arg>${element}</arg>
<arg>${value}</arg>
<doc>Types the given ``text`` into the text field identified by ``locator``.</doc>
<msg timestamp="20230526 19:51:26.775" level="INFO">Typing text 'Password123' into text field 'id=password'.</msg>
<status status="PASS" starttime="20230526 19:51:26.774" endtime="20230526 19:51:26.954"/>
</kw>
<status status="PASS" starttime="20230526 19:51:26.773" endtime="20230526 19:51:26.954"/>
</kw>
<kw name="click">
<arg>id=submit</arg>
<kw name="Click Element" library="Selenium2Library">
<arg>${element}</arg>
<doc>Click the element identified by ``locator``.</doc>
<msg timestamp="20230526 19:51:26.956" level="INFO">Clicking element 'id=submit'.</msg>
<status status="PASS" starttime="20230526 19:51:26.955" endtime="20230526 19:51:28.735"/>
</kw>
<status status="PASS" starttime="20230526 19:51:26.954" endtime="20230526 19:51:28.736"/>
</kw>
<kw name="open">
<arg>https://practicetestautomation.com/logged-in-successfully/</arg>
<kw name="Go To" library="Selenium2Library">
<arg>${element}</arg>
<doc>Navigates the current browser window to the provided ``url``.</doc>
<msg timestamp="20230526 19:51:28.737" level="INFO">Opening url 'https://practicetestautomation.com/logged-in-successfully/'</msg>
<status status="PASS" starttime="20230526 19:51:28.736" endtime="20230526 19:51:29.254"/>
</kw>
<status status="PASS" starttime="20230526 19:51:28.736" endtime="20230526 19:51:29.254"/>
</kw>
<kw name="click">
<arg>link=Practice</arg>
<kw name="Click Element" library="Selenium2Library">
<arg>${element}</arg>
<doc>Click the element identified by ``locator``.</doc>
<msg timestamp="20230526 19:51:29.258" level="INFO">Clicking element 'link=Practice'.</msg>
<msg timestamp="20230526 19:51:29.547" level="INFO" html="true">&lt;/td&gt;&lt;/tr&gt;&lt;tr&gt;&lt;td colspan="3"&gt;&lt;a href="selenium-screenshot-14.png"&gt;&lt;img src="selenium-screenshot-14.png" width="800px"&gt;&lt;/a&gt;</msg>
<msg timestamp="20230526 19:51:29.547" level="FAIL">Element with locator 'link=Practice' not found.</msg>
<status status="FAIL" starttime="20230526 19:51:29.256" endtime="20230526 19:51:29.562"/>
</kw>
<status status="FAIL" starttime="20230526 19:51:29.255" endtime="20230526 19:51:29.562"/>
</kw>
<kw name="open">
<arg>https://practicetestautomation.com/practice/</arg>
<status status="NOT RUN" starttime="20230526 19:51:29.563" endtime="20230526 19:51:29.563"/>
</kw>
<kw name="click">
<arg>link=Test Exceptions</arg>
<status status="NOT RUN" starttime="20230526 19:51:29.563" endtime="20230526 19:51:29.563"/>
</kw>
<kw name="open">
<arg>https://practicetestautomation.com/practice-test-exceptions/</arg>
<status status="NOT RUN" starttime="20230526 19:51:29.563" endtime="20230526 19:51:29.564"/>
</kw>
<kw name="click">
<arg>id=add_btn</arg>
<status status="NOT RUN" starttime="20230526 19:51:29.564" endtime="20230526 19:51:29.564"/>
</kw>
<kw name="click">
<arg>xpath=//div[@id='row2']/input</arg>
<status status="NOT RUN" starttime="20230526 19:51:29.564" endtime="20230526 19:51:29.564"/>
</kw>
<kw name="type">
<arg>xpath=//div[@id='row2']/input</arg>
<arg>Beer</arg>
<status status="NOT RUN" starttime="20230526 19:51:29.564" endtime="20230526 19:51:29.564"/>
</kw>
<kw name="click">
<arg>xpath=//div[@id='row2']/button</arg>
<status status="NOT RUN" starttime="20230526 19:51:29.564" endtime="20230526 19:51:29.564"/>
</kw>
<kw name="click">
<arg>link=Practice</arg>
<status status="NOT RUN" starttime="20230526 19:51:29.565" endtime="20230526 19:51:29.565"/>
</kw>
<kw name="open">
<arg>https://practicetestautomation.com/practice/</arg>
<status status="NOT RUN" starttime="20230526 19:51:29.565" endtime="20230526 19:51:29.565"/>
</kw>
<kw name="click">
<arg>link=Test Login Page</arg>
<status status="NOT RUN" starttime="20230526 19:51:29.565" endtime="20230526 19:51:29.565"/>
</kw>
<kw name="open">
<arg>https://practicetestautomation.com/practice-test-login/</arg>
<status status="NOT RUN" starttime="20230526 19:51:29.565" endtime="20230526 19:51:29.565"/>
</kw>
<kw name="Close Browser" library="Selenium2Library" type="TEARDOWN">
<doc>Closes the current browser.</doc>
<status status="PASS" starttime="20230526 19:51:29.566" endtime="20230526 19:51:32.769"/>
</kw>
<status status="FAIL" starttime="20230526 19:51:15.131" endtime="20230526 19:51:32.769">Element with locator 'link=Practice' not found.</status>
</test>
<status status="FAIL" starttime="20230526 19:50:57.283" endtime="20230526 19:51:32.771"/>
</suite>
<statistics>
<total>
<stat pass="1" fail="1" skip="0">All Tests</stat>
</total>
<tag>
</tag>
<suite>
<stat pass="1" fail="1" skip="0" id="s1" name="TC login">TC login</stat>
</suite>
</statistics>
<errors>
</errors>
</robot>
